TN:
SF:packages/components/dashboard/dashboard.component.ts
FN:27,(anonymous_0)
FN:70,(anonymous_1)
FN:50,(anonymous_2)
FN:53,(anonymous_3)
FN:72,(anonymous_4)
FN:76,(anonymous_5)
FN:82,(anonymous_6)
FN:86,(anonymous_7)
FN:87,(anonymous_8)
FN:102,(anonymous_9)
FN:131,(anonymous_10)
FN:132,(anonymous_11)
FNF:12
FNH:12
FNDA:5,(anonymous_0)
FNDA:5,(anonymous_1)
FNDA:5,(anonymous_2)
FNDA:2,(anonymous_3)
FNDA:4,(anonymous_4)
FNDA:5,(anonymous_5)
FNDA:11,(anonymous_6)
FNDA:5,(anonymous_7)
FNDA:11,(anonymous_8)
FNDA:5,(anonymous_9)
FNDA:5,(anonymous_10)
FNDA:2,(anonymous_11)
DA:13,1
DA:17,5
DA:22,5
DA:28,5
DA:34,5
DA:36,5
DA:38,5
DA:51,5
DA:52,5
DA:53,1
DA:54,2
DA:56,1
DA:57,1
DA:58,1
DA:59,1
DA:60,1
DA:62,1
DA:70,5
DA:73,4
DA:77,5
DA:78,1
DA:83,11
DA:87,5
DA:88,11
DA:98,11
DA:103,5
DA:104,1
DA:116,4
DA:128,5
DA:132,5
DA:133,2
DA:134,2
DA:135,2
DA:136,2
DA:137,2
LF:35
LH:35
BRDA:52,0,0,1
BRDA:56,1,0,1
BRDA:77,2,0,1
BRDA:77,3,0,1
BRDA:77,3,1,4
BRDA:77,4,0,5
BRDA:77,4,1,5
BRDA:83,5,0,11
BRDA:83,5,1,0
BRDA:83,6,0,0
BRDA:83,6,1,11
BRDA:83,7,0,11
BRDA:83,7,1,11
BRDA:87,8,0,5
BRDA:87,8,1,0
BRDA:89,9,0,0
BRDA:89,9,1,11
BRDA:89,10,0,11
BRDA:89,10,1,11
BRDA:90,11,0,0
BRDA:90,11,1,11
BRDA:90,12,0,11
BRDA:90,12,1,11
BRDA:93,13,0,0
BRDA:93,13,1,11
BRDA:93,14,0,11
BRDA:93,14,1,11
BRDA:94,15,0,0
BRDA:94,15,1,11
BRDA:94,16,0,11
BRDA:94,16,1,11
BRDA:103,17,0,1
BRDA:103,17,1,4
BRDA:132,18,0,5
BRDA:132,18,1,4
BRDA:132,19,0,4
BRDA:132,19,1,1
BRDA:132,20,0,5
BRDA:132,20,1,5
BRF:39
BRH:32
end_of_record
TN:
SF:packages/components/dashboard/module.ts
FNF:0
FNH:0
DA:13,1
DA:21,1
LF:2
LH:2
BRF:0
BRH:0
end_of_record
TN:
SF:packages/components/dashboard/examples/basic/widgets/links/links.component.ts
FN:9,(anonymous_0)
FN:13,(anonymous_1)
FNF:2
FNH:2
FNDA:5,(anonymous_0)
FNDA:5,(anonymous_1)
DA:8,1
DA:10,5
LF:2
LH:2
BRF:0
BRH:0
end_of_record
TN:
SF:packages/components/dashboard/examples/basic/widgets/notice/notice.component.ts
FN:9,(anonymous_0)
FN:13,(anonymous_1)
FNF:2
FNH:2
FNDA:4,(anonymous_0)
FNDA:4,(anonymous_1)
DA:8,1
DA:10,4
LF:2
LH:2
BRF:0
BRH:0
end_of_record
TN:
SF:packages/components/dashboard/widget/widget.component.ts
FN:6,(anonymous_0)
FN:9,(anonymous_1)
FNF:2
FNH:1
FNDA:9,(anonymous_0)
FNDA:0,(anonymous_1)
DA:5,1
DA:7,9
DA:10,0
LF:3
LH:2
BRF:0
BRH:0
end_of_record
TN:
SF:packages/components/dashboard/widget/body/widget-body.component.ts
FN:10,(anonymous_0)
FN:12,(anonymous_1)
FNF:2
FNH:0
FNDA:0,(anonymous_0)
FNDA:0,(anonymous_1)
DA:9,1
LF:1
LH:1
BRF:0
BRH:0
end_of_record
TN:
SF:packages/components/dashboard/widget/header/widget-header.component.ts
FN:16,(anonymous_0)
FN:18,(anonymous_1)
FNF:2
FNH:2
FNDA:5,(anonymous_0)
FNDA:3,(anonymous_1)
DA:9,1
LF:1
LH:1
BRF:0
BRH:0
end_of_record
TN:
SF:packages/components/media/audio-player.component.ts
FN:36,(anonymous_0)
FN:50,(anonymous_1)
FN:54,(anonymous_2)
FNF:3
FNH:2
FNDA:3,(anonymous_0)
FNDA:3,(anonymous_1)
FNDA:0,(anonymous_2)
DA:28,1
DA:29,3
DA:37,3
DA:43,3
DA:45,3
DA:50,3
DA:51,3
DA:55,0
DA:56,0
DA:57,0
LF:10
LH:7
BRDA:55,0,0,0
BRDA:55,0,1,0
BRDA:55,1,0,0
BRDA:55,1,1,0
BRDA:55,2,0,0
BRDA:55,2,1,0
BRDA:55,3,0,0
BRDA:55,3,1,0
BRDA:56,4,0,0
BRDA:56,5,0,0
BRDA:56,5,1,0
BRF:11
BRH:0
end_of_record
TN:
SF:packages/components/media/media-base.component.ts
FN:18,(anonymous_0)
FN:26,(anonymous_1)
FN:32,(anonymous_2)
FN:34,(anonymous_3)
FN:36,(anonymous_4)
FN:38,(anonymous_5)
FN:42,(anonymous_6)
FN:50,(anonymous_7)
FNF:8
FNH:4
FNDA:6,(anonymous_0)
FNDA:12,(anonymous_1)
FNDA:6,(anonymous_2)
FNDA:3,(anonymous_3)
FNDA:0,(anonymous_4)
FNDA:0,(anonymous_5)
FNDA:0,(anonymous_6)
FNDA:0,(anonymous_7)
DA:9,1
DA:12,6
DA:14,6
DA:16,6
DA:19,6
DA:20,6
DA:22,0
DA:27,12
DA:30,6
DA:32,6
DA:39,0
DA:43,0
DA:45,0
DA:46,0
DA:48,0
DA:50,0
DA:51,0
LF:17
LH:9
BRDA:19,0,0,6
BRDA:19,0,1,0
BRDA:43,1,0,0
BRDA:43,1,1,0
BRDA:43,2,0,0
BRDA:43,2,1,0
BRDA:45,3,0,0
BRDA:45,3,1,0
BRDA:45,4,0,0
BRDA:45,4,1,0
BRF:10
BRH:1
end_of_record
TN:
SF:packages/components/media/module.ts
FNF:0
FNH:0
DA:13,1
LF:1
LH:1
BRF:0
BRH:0
end_of_record
TN:
SF:packages/components/media/video-player.component.ts
FN:33,(anonymous_0)
FN:47,(anonymous_1)
FN:51,(anonymous_2)
FN:53,(anonymous_3)
FNF:4
FNH:3
FNDA:3,(anonymous_0)
FNDA:3,(anonymous_1)
FNDA:3,(anonymous_2)
FNDA:0,(anonymous_3)
DA:25,1
DA:26,3
DA:34,3
DA:40,3
DA:42,3
DA:47,3
DA:48,3
LF:7
LH:7
BRF:0
BRH:0
end_of_record
